app/build/outputs/logs/manifest-merger-debug-report.txt
-- Merging decision tree log ---
manifest
ADDED from src\main\AndroidManifest.xml:2:1-67:12
	package
		ADDED from src\main\AndroidManifest.xml:3:5-34
		INJECTED from src\main\AndroidManifest.xml
		INJECTED from src\main\AndroidManifest.xml
	android:versionName
		INJECTED from src\main\AndroidManifest.xml
		INJECTED from src\main\AndroidManifest.xml
	xmlns:android
		ADDED from src\main\AndroidManifest.xml:2:11-69
	android:versionCode
		INJECTED from src\main\AndroidManifest.xml
		INJECTED from src\main\AndroidManifest.xml
uses-permission#android.permission.INTERNET
ADDED from src\main\AndroidManifest.xml:5:5-67
	android:name
		ADDED from src\main\AndroidManifest.xml:5:22-64
uses-permission#android.permission.ACCESS_NETWORK_STATE
ADDED from src\main\AndroidManifest.xml:6:2-76
	android:name
		ADDED from src\main\AndroidManifest.xml:6:19-73
uses-permission#android.permission.READ_PHONE_STATE
ADDED from src\main\AndroidManifest.xml:7:2-72
	android:name
		ADDED from src\main\AndroidManifest.xml:7:19-69
uses-permission#android.permission.ACCESS_WIFI_STATE
ADDED from src\main\AndroidManifest.xml:8:2-72
	android:name
		ADDED from src\main\AndroidManifest.xml:8:19-70
uses-permission#android.permission.CHANGE_NETWORK_STATE
ADDED from src\main\AndroidManifest.xml:9:2-75
	android:name
		ADDED from src\main\AndroidManifest.xml:9:19-73
uses-permission#android.permission.CHANGE_WIFI_STATE
ADDED from src\main\AndroidManifest.xml:10:2-72
	android:name
		ADDED from src\main\AndroidManifest.xml:10:19-70
uses-permission#android.permission.INTERACT_ACROSS_USERS
ADDED from src\main\AndroidManifest.xml:11:2-77
	android:name
		ADDED from src\main\AndroidManifest.xml:11:19-74
uses-permission#android.permission.INTERACT_ACROSS_USERS_FULL
ADDED from src\main\AndroidManifest.xml:12:2-81
	android:name
		ADDED from src\main\AndroidManifest.xml:12:19-79
uses-permission#android.permission.SET_DEBUG_APP
ADDED from src\main\AndroidManifest.xml:13:2-68
	android:name
		ADDED from src\main\AndroidManifest.xml:13:19-66
uses-permission#android.permission.INSTALL_PACKAGE
ADDED from src\main\AndroidManifest.xml:14:2-70
	android:name
		ADDED from src\main\AndroidManifest.xml:14:19-68
uses-permission#android.permission.READ_EXTERNAL_STORAGE
ADDED from src\main\AndroidManifest.xml:15:5-79
	android:name
		ADDED from src\main\AndroidManifest.xml:15:22-77
uses-permission#android.permission.WRITE_EXTERNAL_STORAGE
ADDED from src\main\AndroidManifest.xml:16:5-80
	android:name
		ADDED from src\main\AndroidManifest.xml:16:22-78
application
ADDED from src\main\AndroidManifest.xml:18:5-65:19
	android:label
		ADDED from src\main\AndroidManifest.xml:20:9-41
	android:icon
		ADDED from src\main\AndroidManifest.xml:19:9-38
	android:largeHeap
		ADDED from src\main\AndroidManifest.xml:21:9-33
activity#com.japantv.settop.HantvActivity
ADDED from src\main\AndroidManifest.xml:22:9-29:20
	android:label
		ADDED from src\main\AndroidManifest.xml:23:13-45
	android:theme
		ADDED from src\main\AndroidManifest.xml:24:62-120
	android:name
		ADDED from src\main\AndroidManifest.xml:24:13-60
intent-filter#android.intent.action.MAIN+android.intent.category.LAUNCHER
ADDED from src\main\AndroidManifest.xml:25:13-28:29
action#android.intent.action.MAIN
ADDED from src\main\AndroidManifest.xml:26:17-69
	android:name
		ADDED from src\main\AndroidManifest.xml:26:25-66
category#android.intent.category.LAUNCHER
ADDED from src\main\AndroidManifest.xml:27:17-77
	android:name
		ADDED from src\main\AndroidManifest.xml:27:27-74
activity#com.japantv.settop.MainMenuActivity
ADDED from src\main\AndroidManifest.xml:30:9-31:20
	android:screenOrientation
		ADDED from src\main\AndroidManifest.xml:30:130-167
	android:theme
		ADDED from src\main\AndroidManifest.xml:30:71-129
	android:name
		ADDED from src\main\AndroidManifest.xml:30:19-69
activity#com.japantv.settop.DetailDramaActivity
ADDED from src\main\AndroidManifest.xml:32:9-33:20
	android:theme
		ADDED from src\main\AndroidManifest.xml:32:74-132
	android:name
		ADDED from src\main\AndroidManifest.xml:32:19-72
activity#com.japantv.settop.DetailShowActivity
ADDED from src\main\AndroidManifest.xml:34:9-35:20
	android:theme
		ADDED from src\main\AndroidManifest.xml:34:72-130
	android:name
		ADDED from src\main\AndroidManifest.xml:34:19-71
activity#com.japantv.settop.DetailDialogActivity
ADDED from src\main\AndroidManifest.xml:36:9-39:20
	android:theme
		ADDED from src\main\AndroidManifest.xml:38:13-58
	android:name
		ADDED from src\main\AndroidManifest.xml:37:13-67
activity#com.japantv.settop.live.LiveListActivity
ADDED from src\main\AndroidManifest.xml:40:9-41:20
	android:theme
		ADDED from src\main\AndroidManifest.xml:40:75-133
	android:name
		ADDED from src\main\AndroidManifest.xml:40:19-74
activity#com.japantv.settop.MovieListActivity
ADDED from src\main\AndroidManifest.xml:42:9-43:20
	android:theme
		ADDED from src\main\AndroidManifest.xml:42:71-129
	android:name
		ADDED from src\main\AndroidManifest.xml:42:19-70
activity#com.japantv.settop.BroadcastListActivity
ADDED from src\main\AndroidManifest.xml:44:9-45:20
	android:theme
		ADDED from src\main\AndroidManifest.xml:44:75-133
	android:name
		ADDED from src\main\AndroidManifest.xml:44:19-74
activity#com.japantv.settop.shopping.ShoppingListActivity
ADDED from src\main\AndroidManifest.xml:46:9-47:20
	android:theme
		ADDED from src\main\AndroidManifest.xml:46:83-141
	android:name
		ADDED from src\main\AndroidManifest.xml:46:19-82
activity#com.japantv.settop.shopping.DetailShoppingActivity
ADDED from src\main\AndroidManifest.xml:48:9-49:20
	android:theme
		ADDED from src\main\AndroidManifest.xml:48:85-143
	android:name
		ADDED from src\main\AndroidManifest.xml:48:19-84
activity#com.japantv.settop.delivery.DeliveryListActivity
ADDED from src\main\AndroidManifest.xml:50:9-51:20
	android:theme
		ADDED from src\main\AndroidManifest.xml:50:83-141
	android:name
		ADDED from src\main\AndroidManifest.xml:50:19-82
activity#com.japantv.setting.RechargeActivity
ADDED from src\main\AndroidManifest.xml:52:9-53:20
	android:theme
		ADDED from src\main\AndroidManifest.xml:52:71-129
	android:name
		ADDED from src\main\AndroidManifest.xml:52:19-70
activity#com.japantv.setting.ChildActivity
ADDED from src\main\AndroidManifest.xml:54:9-55:20
	android:theme
		ADDED from src\main\AndroidManifest.xml:54:68-126
	android:name
		ADDED from src\main\AndroidManifest.xml:54:19-67
activity#com.japantv.setting.HelpActivity
ADDED from src\main\AndroidManifest.xml:56:10-57:20
	android:theme
		ADDED from src\main\AndroidManifest.xml:56:68-126
	android:name
		ADDED from src\main\AndroidManifest.xml:56:20-67
activity#com.japantv.setting.SearchActivity
ADDED from src\main\AndroidManifest.xml:58:9-59:20
	android:theme
		ADDED from src\main\AndroidManifest.xml:58:69-127
	android:name
		ADDED from src\main\AndroidManifest.xml:58:19-68
activity#com.japantv.setting.RestoreActivity
ADDED from src\main\AndroidManifest.xml:60:9-61:20
	android:theme
		ADDED from src\main\AndroidManifest.xml:60:70-128
	android:name
		ADDED from src\main\AndroidManifest.xml:60:19-69
activity#com.japantv.settop.VideoViewActivity
ADDED from src\main\AndroidManifest.xml:62:9-63:20
	android:theme
		ADDED from src\main\AndroidManifest.xml:62:71-129
	android:name
		ADDED from src\main\AndroidManifest.xml:62:19-70
uses-sdk
INJECTED from src\main\AndroidManifest.xml reason: use-sdk injection requested
	android:targetSdkVersion
		INJECTED from src\main\AndroidManifest.xml
		INJECTED from src\main\AndroidManifest.xml
	android:minSdkVersion
		INJECTED from src\main\AndroidManifest.xml
		INJECTED from src\main\AndroidManifest.xml